warning: Git tree '/home/emi/nixos' is dirty
building the system configuration...
warning: Git tree '/home/emi/nixos' is dirty
these 10 derivations will be built:
  /nix/store/98xgyv9jrr7nz56d2zbzl69n634l6hy9-prismlauncher-9.1.drv
  /nix/store/7gnnfl672a5sh9d8qj009lxlirbqavn8-home-manager-path.drv
  /nix/store/bwzmzq6z730k97aixsffravp75qkgbff-user-environment.drv
  /nix/store/fkrrjann8is9p50b6wq6ln8348c32v4b-hm_fontconfigconf.d10hmfonts.conf.drv
  /nix/store/5klmdiz9i3dd0n19vvc77vjxb9nlsb9g-home-manager-files.drv
  /nix/store/4rynbrndzhj9vk2xrbdavid3bzmi69yv-home-manager-generation.drv
  /nix/store/pzfn2vyf7nxdv9sx16pp0a065anz1acx-unit-home-manager-emi.service.drv
  /nix/store/j2vn03zl8l5bbxzm925vzz3awpvl9h58-system-units.drv
  /nix/store/j0zvf70y39n6x9hy17asmhsf5nw3zxm3-etc.drv
  /nix/store/2z6rq77mxb5l41r123zmgbcr0xz8l814-nixos-system-celeste-25.05.20250108.bffc22e.drv
these 16 paths will be fetched (801.85 MiB download, 1336.35 MiB unpacked):
  /nix/store/35qxmwrw8nfypgcw4qrqlgaamcq21c9q-cmark-0.31.1
  /nix/store/3wp5cl1b5qlz0psrzs9icgkz7mh9r365-freeglut-3.6.0
  /nix/store/78kdpsi0vgrrnvx4cra6j9q2znv14dwl-gamemode-1.8.2-lib
  /nix/store/jnc16bgrjb9z1iwghx79liaphmshx1z3-glfw-minecraft-3.4
  /nix/store/j1gh40cfyrwhf36apyfab4iv3l1haibb-gtk+-2.24.33
  /nix/store/gnsx60dbr4kawhwm6v72rjrz5sccnc9b-mesa-demos-9.0.0
  /nix/store/k4877vrvzk3pf4k44g1r6k454vjs8f17-openjdk-17.0.13+11
  /nix/store/v5p972p1lsfnb3v62jy3qcf69as7x8wp-openjdk-21.0.5+11
  /nix/store/6m39dccs650mz0xxc3xz7p9sb5v63aw1-openjdk-8u432-b06
  /nix/store/xz9fsqiw2pqiw6xcvbg9jd3j5biw9bg1-openjdk-8u432-b06-jre
  /nix/store/dbb2qrrar341zvkpv37kjn3ky3h4py6d-prismlauncher-unwrapped-9.1
  /nix/store/mr8m1m59pxcl3mzi8mrkbn8syjfnsgmb-qt5compat-6.8.1
  /nix/store/5l3kcr83q77g3wwmkbv62hxf1644h2jk-qtnetworkauth-6.8.1
  /nix/store/ja1w6c1w2g1cjb06ys1ghpg5i1r8qpcr-quazip-1.4
  /nix/store/9qz6i3jr3gsyh2p1556ahkc4w8jrmwnl-set-java-classpath-hook
  /nix/store/f4vkqx45fm44bffd3jpcg8v1b8353aba-xrandr-1.5.2
copying path '/nix/store/9qz6i3jr3gsyh2p1556ahkc4w8jrmwnl-set-java-classpath-hook' from 'https://cache.nixos.org'...
copying path '/nix/store/3wp5cl1b5qlz0psrzs9icgkz7mh9r365-freeglut-3.6.0' from 'https://cache.nixos.org'...
copying path '/nix/store/78kdpsi0vgrrnvx4cra6j9q2znv14dwl-gamemode-1.8.2-lib' from 'https://cache.nixos.org'...
copying path '/nix/store/35qxmwrw8nfypgcw4qrqlgaamcq21c9q-cmark-0.31.1' from 'https://cache.nixos.org'...
copying path '/nix/store/jnc16bgrjb9z1iwghx79liaphmshx1z3-glfw-minecraft-3.4' from 'https://cache.nixos.org'...
copying path '/nix/store/f4vkqx45fm44bffd3jpcg8v1b8353aba-xrandr-1.5.2' from 'https://cache.nixos.org'...
copying path '/nix/store/j1gh40cfyrwhf36apyfab4iv3l1haibb-gtk+-2.24.33' from 'https://cache.nixos.org'...
copying path '/nix/store/mr8m1m59pxcl3mzi8mrkbn8syjfnsgmb-qt5compat-6.8.1' from 'https://cache.nixos.org'...
copying path '/nix/store/5l3kcr83q77g3wwmkbv62hxf1644h2jk-qtnetworkauth-6.8.1' from 'https://cache.nixos.org'...
copying path '/nix/store/k4877vrvzk3pf4k44g1r6k454vjs8f17-openjdk-17.0.13+11' from 'https://cache.nixos.org'...
copying path '/nix/store/v5p972p1lsfnb3v62jy3qcf69as7x8wp-openjdk-21.0.5+11' from 'https://cache.nixos.org'...
copying path '/nix/store/gnsx60dbr4kawhwm6v72rjrz5sccnc9b-mesa-demos-9.0.0' from 'https://cache.nixos.org'...
copying path '/nix/store/ja1w6c1w2g1cjb06ys1ghpg5i1r8qpcr-quazip-1.4' from 'https://cache.nixos.org'...
copying path '/nix/store/dbb2qrrar341zvkpv37kjn3ky3h4py6d-prismlauncher-unwrapped-9.1' from 'https://cache.nixos.org'...
copying path '/nix/store/xz9fsqiw2pqiw6xcvbg9jd3j5biw9bg1-openjdk-8u432-b06-jre' from 'https://cache.nixos.org'...
copying path '/nix/store/6m39dccs650mz0xxc3xz7p9sb5v63aw1-openjdk-8u432-b06' from 'https://cache.nixos.org'...
error: interrupted by the user
